[  0.00000] Linux version 4.15.0-91-generic (buildd@lgw01-amd64-013) (gcc version 7.4.0 (Ubuntu 7.4.0-1ubuntu1~18.04.1)) #92-Ubuntu SMP Fri Feb 28 11:09:48 UTC 2020 (Ubuntu 4.15.0-91.92-generi4.15.18)
   0.0000] Command line: BOOT_IMAGE=oot/vmlinuz-4.15.0-9generic oot=LABEL=cloudimg-rootfs ro consoe=tty1 consolettyS
[    0000000] KERNEL suported cpus:
[    0.000000]   Intel GenuineIntel
[    0.000000]   AMD AuthenicAMD
[   0.000000]   Centaur CentaurHauls
[    0.000000] x86/fpu: Supporting XSAVE feature 0x001: 'x87 floating point registers'
[    0.000000] x86/fpu: Supporting XSAVE feature 0x002: 'SSE registers'
[    0.000000] x86/fpu: Supporting XSAVE feature 0x004: 'AVX registers'
[    0.000000] x86/fpu: xstate_offset[2]:  576, xstate_sizes[2]:  256
[    0.00000]86/fpu: Enabled xstate features 0x7, context size is 832 bytes, using 'standard' format.
[    0.0000] e820: OS-provided physical RAMap:
[  0.000000] BIOS-e820: [mem 0x00000000000000x000000000009fbff] usable
[    0.000000] BIOS-e820: [mem 0x000000000009fc00-0x000000000009ffff] reserved
[  0.000000] BIOS-e820: [mem 0x00000000000f0000-0x00000000000fffff] reserved
[    0.000000] BIOS-e820: [mem 0x0000000000100000-0x000000dffeffff] usable
[    0.000000] BIOS-e820: [mem 0x00000000dfff0000-0x00000000dfffffff] ACPI data
[   0.000000] BIOS-e820: me 0x00000000fec00000-00000000fec00ff reseve
[   0.000000] BIOS-e820: [mem 0x00000000fee00000-0x00000000fee00fff] reserved
[    0.000000] BIOS-e820: [mem 0x00000000fffc00000-0x00000000ffffffff] reserved
[    0.000000] BIOS-e820: [mem 0x0000000100000000-0x000000011fffffff] usable
[    0.000000] NX (Execute Disable) protection: active
[    0.000000] SMBIOS 2.5 present.
[    0.000000] DMI: innotek GmbH VirtualBox/VirtualBox, BIOS VirtualBx 12/01/2006
[    0.000000] Hypervisor detected: KVM
[    0.000000] e820: last_pfn = 0x12000max_arch_pfn 0x400000000
[    0.000000] MTRR: Disabled
    000000] x86/PAT: MTRRs disabled, skipping PAT initialization too.
[    0.000000] PU MTRRs alllank -vitulized ystem.
[    0.000000] x86/PAT: Configuration [0-7]: WB  WT  UC- UC  WB  WT  UC- UC  
[   0.000000] e820: last_pfn = 0xdfff0 max_arch_pfn = 0x400000000
[   0.00000] found SMP MP-table at [mem 0x0009fff0-0x0009ffff]
[    0.000000] Scanning 1 areas for low memory corruption
[    0.000000] RAMDSK [mem 0x35a6b000-0x36d2cfff]
[    0.000000] ACPI: Early table checksum verification disabled
[    0.000000] PI: RSDP 0x00000000000E0000 000024 (v02 VBOX  )
[    0.0000] ACPI: XSDT 0x00000000DFFF0030 00003C (v01 VBOX   VBOXXSDT 00000001 ASL  00000061)
[   .000000] ACPI: FACP 0x00000000DFFF00F0 0000F4 (v04 VBOX   VBOXFACP 00000001 ASL  00000061)
[  0.0000] ACPI DDT 0x00000000DFFF0470 0021FF (v02 VBOX   VBOXBIOS 00000002 INTL 20180105)
[    0.000000] ACPI: FACS 0x00000000DFFF020000040
[    0.000000]ACPI: FACS 0x00000000DFFF0200 000040
[    0.000000] ACPI: APIC 0x00000000DFFF0240 00005C (v02 VBOX   VBOXAPIC 00000001 ASL  00000061)
[  0.00000 ACPI: SSDT 0x00000000DFFF02A0 00CC (v1 BOX   VBOXUT 00000002 INT 2180105)[    0.000000 NoUMA configuration found
[    0.000000] Faking a node at [mem 0x0000000000000000-0x000000011fffffff]
[  0.000000] DE_DATA(0) allocated [mem 0x11ffd1000-0x11fffbfff]
[  0.000000] kvm-clock: cpu 0, msr 1:1ff50001, primary cpu clock
[    0.000000] kvm-clock: Usinmsrs 4b564d01 and 4b564d00
[  0.000000] kvm-clock: using sched offset of 3212582619 cycles
[    0.000000] clocksource: kvm-clock: mask: 0xfffffffffffffff mx_cycles: 0x1cd4e4dffb, max_idle_ns: 881590591483 ns
[   0.000000] Zone ranges:
[    0.000000]   DMA      [mem 0x0000000000001000-0x0000000000ffffff
    0.000000]   DMA32    [mem 0x0000000001000000-0x00000000ffffffff]
[    0.000000]   Normal   [mem 0x0000000100000000-0x000000011fffffff]
[   0.000000]   Devce   emy
[    0.000000] Movable zone start for each node
[    0.000000] Early memory node ranges
[  0.000000  node   0: [mem 0x0000000000001000-0x000000000009efff]
[    0.000000]   node   0: [mem 0x0000000000100000-0x000000dffeffff]
[    0.000000]   node   0: [mem 0x0000000100000000-0x000000011fffff]
[   .000000] Reserved but unavailable: 98 pages
[    000000] Initmem setup node 0 [mem 0x0000000000001000-0x000000011fffffff]
[    0.000000] ACPI: PM-Timer IO Port: 0x4008
[    0.000000] IOAPIC[0]: apic_id 2, version 32, address 0xfec00000, GSI 0-23
[   0.000000 ACPI: INT_SRC_OVR (bus 0 bus_irq 0 global_irq 2 dfl dfl)
[   .00000 ACPI: INT_SRCOVR (bus 0 bus_irq 9 global_irq 9 low level)
[    0.000000] Using ACPI (MADT) for SMP configuration information
[    0.000000] smpboot: Allowing 2 CPUs,  hotplug CPUs
[  0.000000] PM: Registered nosave memory: [mem 0x00000000-0x00000fff]
[    0.000000] PM: Registered nosave memory: [mem 0x0009f000-0x0009ffff]
[   0000000] PM: Registered nosave memory:mem 0x000a00-0x000fff]
[   .000000] PM: Registered nosave memo: [mem 0x000f0000-0x000fffff][    0.000000] PM: Regiered nosave memoy:[mem 0xdfff0000-0xdfffffff]
[   .000000] PM: Registered nosa memory: [mem 0x000000-0xfebfffff]
[    0.000000] PM: Regterenosave meory: [mem 0xfec00000-0xec00fff]
[    0.000000] PM: Registered nosave memory: [mem 0xfec000-0xfedfffff]
[    0.000000] PM: Registered nosave memory: [mem 0xfee00000-0xfee00fff]
[    0.000000] PM: Registered nosave memory: [mem 0xfee01000-0xfffbffff]
[    0.000000] PM: Registered nosave memory: [mem 0xfffc0000-0xfffffff]
[    000000] e820: [mem 0xe0000000-0xfebffff]available for PCI devices
[    0.0000] Booting paravirtlized kernel on KV
[    0.000000] clocksource: refined-jiffies: mask0xffffffff max_cycles: 0xffffffff, max_idle_ns: 7645519600211568 ns
[  0.0000] random: get_random_bytes called from start_kernel+0x99/0x4fd with crng_init=0
[  0.000000] setp_percpu: NRPUS:819nr_cpusk_bits:2r_cpu_ids:2 nr_node_ids:1

[    0.000000] percpu: Embedded 45 pages/cpu s147456 r8192 d28672 u1048576
[  0.000000] PV qspinlock hash table entries: 256 (order: 0, 4096 bytes)
[    0.000000] Built 1 zonelists, mobility grouping on.  Total pages: 1032057
[    0.000000] Policy zone: Normal
[    0.00000] Kernel command in: BOOTMAGE=/bt/vmlinuz.15.0-91-generic root=LABEL=cloudimg-rootfs ro console=tty1 console=ttyS0
[    0.000000] Memory: 4013668K/4193848K available (12300K kernel code, 2481K rwdata, 4264K rodata, 2432K init, 2712 bss, 180180K reserved, 0K ca-eserved)
[    0.0000] SLUB: HWalign=64, Order=0-3, MinObjects=0, CPUs=2, Nodes=1
[    0.000000] ftrace: allocating 39347 entries in 154 pages
[    0.004000] Hierarchical RCU implementation.
[  0.004000 	CU esricting CPUs from NR_CPUS=8192 to nr_cpu_ids=2.
[    0.004000] 	Tasks RCU enabled.
[    0.004000] RCU: Adjusting geometry for rcu_fanout_leaf=16, nr_cpu_ids=2
[    0.004000 NR_IRQS: 52544, nr_rqs440, preallocated irqs: 16
[    0.004000] Console: colour VGA+ 80x25
[    0.004000] console [tty1] enabled
[   .004000] consolettyS0] enabled
[  0.004000] ACP: ore revision 20170831
[    0.0040] ACPI: 2 ACPI AML tables sccessfully acquired and loaded
[    0.004000] APIC: Switch to symmetric I/O mode setup
[  0.004000] x2apic enabled
[    0.004008] Switched APIC routing to physical x2apic.
[    0.009160] ..TIMER: vector=0x30 apic1=0 pin1=2 apic2=-1 pin2=-1
[    0.012004] tsc: Detected 3194.004 MHz processor
[    0.012618] tsc: Marking TSC unstable due to TSCs unsynchronized
[    0.016003] Calibrating delay loop (skipped) preset value.. 6388.00 BogoMIPS (lpj=12776016)
[    0.020011] pid_max: default: 32768 minimum: 301
[    0.024372] Security Framework initialized
[    0.028008] Yama: becoming mindful.
[    0.028728] AppArmor: AppArmor initialized
[    0.033102] Dentry cache hash table entries: 524288 (order: 10, 4194304 bytes)
[    0.037069] Inode-cache hash table entries: 262144 (order: 9, 2097152 bytes)
[    0.040087] Mount-cache hash table entries: 8192 (order: 4, 65536 bytes)
[    0.044018] Mountpoint-cache hash table entries: 8192 (order: 4, 65536 bytes)
[    0.045421] Last level iTLB entries: 4KB 1024, 2MB 1024, 4MB 512
[    0.048006] Last level dTLB entries: 4KB 1536, 2MB 1536, 4MB 768, 1GB 0
[    0.052008] Spectre V1 : Mitigation: usercopy/swapgs barriers and __user pointer sanitization
[    0.056007] Spectre V2 : Spectre mitigation: LFENCE not serializing, switching to generic retpoline
[    0.060007] Spectre V2 : Mitigation: Full generic retpoline
[    0.061154] Spectre V2 : Spectre v2 / SpectreRSB mitigation: Filling RSB on context switch
[    0.064004] Speculative Store Bypass: Mitigation: Speculative Store Bypass disabled via prctl and seccomp
[    0.066126] Freeing SMP alternatives memory: 36K
[    0.178537] smpboot: CPU0: AMD Athlon 200GE with Radeon Vega Graphics (family: 0x17, model: 0x11, stepping: 0x0)
[    0.180163] Performance Events: PMU not available due to virtualization, using software events only.
[    0.184097] Hierarchical SRCU implementation.
[    0.190764] NMI watchdog: Perf event create on CPU 0 failed with -2
[    0.192012] NMI watchdog: Perf NMI watchdog permanently disabled
[    0.196132] smp: Bringing up secondary CPUs ...
[    0.197918] x86: Booting SMP configuration:
[    0.200005] .... node  #0, CPUs:      #1
[    0.004000] kvm-clock: cpu 1, msr 1:1ff50041, secondary cpu clock
[    0.204476] smp: Brought up 1 node, 2 CPUs
[    0.204880] smpboot: Max logical packages: 1
[    0.208007] smpboot: Total of 2 processors activated (12776.01 BogoMIPS)
[    0.209678] devtmpfs: initialized
[    0.209678] x86/mm: Memory block size: 128MB
[    0.209678] evm: security.selinux
[    0.209896] evm: security.SMACK64
[    0.211711] evm: security.SMACK64EXEC
[    0.212004] evm: security.SMACK64TRANSMUTE
[    0.212693] evm: security.SMACK64MMAP
[    0.215452] evm: security.apparmor
[    0.216000] evm: security.ima
[    0.220007] evm: security.capability
[    0.224150] clocksource: jiffies: mask: 0xffffffff max_cycles: 0xffffffff, max_idle_ns: 7645041785100000 ns
[    0.228013] futex hash table entries: 512 (order: 3, 32768 bytes)
[    0.229050] pinctrl core: initialized pinctrl subsystem
[    0.230179] RTC time: 19:47:56, date: 07/24/20
[    0.232503] NET: Registered protocol family 16
[    0.234761] audit: initializing netlink subsys (disabled)
[    0.236054] audit: type=2000 audit(1595620073.779:1): state=initialized audit_enabled=0 res=1
[    0.240020] cpuidle: using governor ladder
[    0.240660] cpuidle: using governor menu
[    0.252359] ACPI: bus type PCI registered
[    0.253331] acpiphp: ACPI Hot Plug PCI Controller Driver version: 0.5
[    0.256037] PCI: Using configuration type 1 for base access
[    0.257463] PCI: Using configuration type 1 for extended access
[    0.260324] HugeTLB registered 2.00 MiB page size, pre-allocated 0 pages
[    0.264216] ACPI: Added _OSI(Module Device)
[    0.265145] ACPI: Added _OSI(Processor Device)
[    0.265145] ACPI: Added _OSI(3.0 _SCP Extensions)
[    0.265145] ACPI: Added _OSI(Processor Aggregator Device)
[    0.266160] ACPI: Added _OSI(Linux-Dell-Video)
[    0.267101] ACPI: Added _OSI(Linux-Lenovo-NV-HDMI-Audio)
[    0.268006] ACPI: Added _OSI(Linux-HPI-Hybrid-Graphics)
[    0.269430] ACPI: Executed 1 blocks of module-level executable AML code
[    0.276000] ACPI: Interpreter enabled
[    0.276019] ACPI: (supports S0 S5)
[    0.276812] ACPI: Using IOAPIC for interrupt routing
[    0.280428] PCI: Using host bridge windows from ACPI; if necessary, use "pci=nocrs" and report a bug
[    0.284213] ACPI: Enabled 2 GPEs in block 00 to 07
[    0.293642] ACPI: PCI Root Bridge [PCI0] (domain 0000 [bus 00-ff])
[    0.304031] acpi PNP0A03:00: _OSC: OS supports [ExtendedConfig ASPM ClockPM Segments MSI]
[    0.332090] acpi PNP0A03:00: _OSC: OS now controls [PCIeHotplug PME AER PCIeCapability]
[    0.336279] PCI host bridge to bus 0000:00
[    0.339696] pci_bus 0000:00: root bus resource [io  0x0000-0x0cf7 window]
[    0.360012] pci_bus 0000:00: root bus resource [io  0x0d00-0xffff window]
[    0.360012] pci_bus 0000:00: root bus resource [mem 0x000a0000-0x000bffff window]
[    0.364009] pci_bus 0000:00: root bus resource [mem 0xe0000000-0xfdffffff window]
[    0.365589] pci_bus 0000:00: root bus resource [bus 00-ff]
[    0.369582] pci 0000:00:01.1: legacy IDE quirk: reg 0x10: [io  0x01f0-0x01f7]
[    0.376007] pci 0000:00:01.1: legacy IDE quirk: reg 0x14: [io  0x03f6]
[    0.376007] pci 0000:00:01.1: legacy IDE quirk: reg 0x18: [io  0x0170-0x0177]
[    0.377445] pci 0000:00:01.1: legacy IDE quirk: reg 0x1c: [io  0x0376]
[    0.427434] pci 0000:00:07.0: quirk: [io  0x4000-0x403f] claimed by PIIX4 ACPI
[    0.440029] pci 0000:00:07.0: quirk: [io  0x4100-0x410f] claimed by PIIX4 SMB
[    0.472300] ACPI: PCI Interrupt Link [LNKA] (IRQs 5 9 10 *11)
[    0.496362] ACPI: PCI Interrupt Link [LNKB] (IRQs 5 9 *10 11)
[    0.516145] ACPI: PCI Interrupt Link [LNKC] (IRQs 5 *9 10 11)
[    0.520117] ACPI: PCI Interrupt Link [LNKD] (IRQs 5 9 10 *11)
[    0.524003] SCSI subsystem initialized
[    0.524080] pci 0000:00:02.0: vgaarb: setting as boot VGA device
[    0.525218] pci 0000:00:02.0: vgaarb: VGA device added: decodes=io+mem,owns=io+mem,locks=none
[    0.528006] pci 0000:00:02.0: vgaarb: bridge control possible
[    0.529165] vgaarb: loaded
[    0.532031] ACPI: bus type USB registered
[    0.532898] usbcore: registered new interface driver usbfs
[    0.548038] usbcore: registered new interface driver hub
[    0.548048] usbcore: registered new device driver usb
[    0.556113] EDAC MC: Ver: 3.0.0
[    0.560099] PCI: Using ACPI for IRQ routing
[    0.560926] NetLabel: Initializing
[    0.560927] NetLabel:  domain hash size = 128
[    0.572006] NetLabel:  protocols = UNLABELED CIPSOv4 CALIPSO
[    0.580041] NetLabel:  unlabeled traffic allowed by default
[    0.596093] clocksource: Switched to clocksource kvm-clock
[    0.619595] VFS: Disk quotas dquot_6.6.0
[    0.638362] VFS: Dquot-cache hash table entries: 512 (order 0, 4096 bytes)
[    0.639974] AppArmor: AppArmor Filesystem Enabled
[    0.650724] pnp: PnP ACPI init
[    0.652299] pnp: PnP ACPI: found 3 devices
[    0.661691] clocksource: acpi_pm: mask: 0xffffff max_cycles: 0xffffff, max_idle_ns: 2085701024 ns
[    0.692010] NET: Registered protocol family 2
[    0.693221] TCP established hash table entries: 32768 (order: 6, 262144 bytes)
[    0.694840] TCP bind hash table entries: 32768 (order: 7, 524288 bytes)
[    0.696227] TCP: Hash tables configured (established 32768 bind 32768)
[    0.698001] UDP hash table entries: 2048 (order: 4, 65536 bytes)
[    0.699220] UDP-Lite hash table entries: 2048 (order: 4, 65536 bytes)
[    0.706016] NET: Registered protocol family 1
[    0.706940] pci 0000:00:00.0: Limiting direct PCI/PCI transfers
[    0.713138] pci 0000:00:01.0: Activating ISA DMA hang workarounds
[    0.714051] pci 0000:00:02.0: Video device with shadowed ROM at [mem 0x000c0000-0x000dffff]
[    0.715417] Unpacking initramfs...
[    1.029568] Freeing initrd memory: 19208K
[    1.038015] PCI-DMA: Using software bounce buffering for IO (SWIOTLB)
[    1.042992] software IO TLB: mapped [mem 0xdbff0000-0xdfff0000] (64MB)
[    1.045571] clocksource: tsc: mask: 0xffffffffffffffff max_cycles: 0x2e0a29fc2e1, max_idle_ns: 440795273480 ns
[    1.047802] platform rtc_cmos: registered platform RTC device (no PNP device found)
[    1.050427] Scanning for low memory corruption every 60 seconds
[    1.053674] Initialise system trusted keyrings
[    1.054720] Key type blacklist registered
[    1.066347] workingset: timestamp_bits=36 max_order=20 bucket_order=0
[    1.069447] zbud: loaded
[    1.072571] squashfs: version 4.0 (2009/01/31) Phillip Lougher
[    1.105773] fuse init (API version 7.26)
[    1.111041] Key type asymmetric registered
[    1.112745] Asymmetric key parser 'x509' registered
[    1.113465] Block layer SCSI generic (bsg) driver version 0.4 loaded (major 246)
[    1.115129] io scheduler noop registered
[    1.121373] io scheduler deadline registered
[    1.122339] io scheduler cfq registered (default)
[    1.123670] ACPI: AC Adapter [AC] (on-line)
[    1.124593] input: Power Button as /devices/LNXSYSTM:00/LNXPWRBN:00/input/input0
[    1.126175] ACPI: Power Button [PWRF]
[    1.127057] input: Sleep Button as /devices/LNXSYSTM:00/LNXSLPBN:00/input/input1
[    1.129795] ACPI: Sleep Button [SLPF]
[    1.130966] Serial: 8250/16550 driver, 32 ports, IRQ sharing enabled
[    1.153001] 00:02: ttyS0 at I/O 0x3f8 (irq = 4, base_baud = 115200) is a 16550A
[    1.163541] Linux agpgart interface v0.103
[    1.168161] loop: module loaded
[    1.169755] scsi host0: ata_piix
[    1.171688] scsi host1: ata_piix
[    1.177670] ata1: PATA max UDMA/33 cmd 0x1f0 ctl 0x3f6 bmdma 0xd000 irq 14
[    1.179049] ata2: PATA max UDMA/33 cmd 0x170 ctl 0x376 bmdma 0xd008 irq 15
[    1.181855] libphy: Fixed MDIO Bus: probed
[    1.182749] tun: Universal TUN/TAP device driver, 1.6
[    1.183845] PPP generic driver version 2.4.2
[    1.184829] ehci_hcd: USB 2.0 'Enhanced' Host Controller (EHCI) Driver
[    1.204415] ehci-pci: EHCI PCI platform driver
[    1.205474] ehci-platform: EHCI generic platform driver
[    1.216814] ohci_hcd: USB 1.1 'Open' Host Controller (OHCI) Driver
[    1.222911] ohci-pci: OHCI PCI platform driver
[    1.223920] ohci-platform: OHCI generic platform driver
[    1.225037] uhci_hcd: USB Universal Host Controller Interface driver
[    1.226344] i8042: PNP: PS/2 Controller [PNP0303:PS2K,PNP0f03:PS2M] at 0x60,0x64 irq 1,12
[    1.228182] serio: i8042 KBD port at 0x60,0x64 irq 1
[    1.229039] serio: i8042 AUX port at 0x60,0x64 irq 12
[    1.232853] mousedev: PS/2 mouse device common for all mice
[    1.234843] input: AT Translated Set 2 keyboard as /devices/platform/i8042/serio0/input/input2
[    1.236221] rtc_cmos rtc_cmos: rtc core: registered rtc_cmos as rtc0
[    1.237977] rtc_cmos rtc_cmos: alarms up to one day, 114 bytes nvram
[    1.239400] i2c /dev entries driver
[    1.240350] device-mapper: uevent: version 1.0.3
[    1.241553] device-mapper: ioctl: 4.37.0-ioctl (2017-09-20) initialised: dm-devel@redhat.com
[    1.244567] ledtrig-cpu: registered to indicate activity on CPUs
[    1.246657] NET: Registered protocol family 10
[    1.253113] Segment Routing with IPv6
[    1.254020] NET: Registered protocol family 17
[    1.255034] Key type dns_resolver registered
[    1.256236] mce: Using 0 MCE banks
[    1.257035] RAS: Correctable Errors collector initialized.
[    1.258225] sched_clock: Marking stable (1256184490, 0)->(9296720639, -8040536149)
[    1.260238] registered taskstats version 1
[    1.261135] Loading compiled-in X.509 certificates
[    1.265388] Loaded X.509 cert 'Build time autogenerated kernel key: d019e8c5f4cbc828f6af43369f65a014a3a68371'
[    1.272880] zswap: loaded using pool lzo/zbud
[    1.278287] Key type big_key registered
[    1.278853] Key type trusted registered
[    1.281870] Key type encrypted registered
[    1.283586] AppArmor: AppArmor sha1 policy hashing enabled
[    1.284505] ima: No TPM chip found, activating TPM-bypass! (rc=-19)
[    1.285866] ima: Allocated hash algorithm: sha1
[    1.292121] evm: HMAC attrs: 0x1
[    1.292844]   Magic number: 12:63:800
[    1.293495] rtc_cmos rtc_cmos: setting system clock to 2020-07-24 19:47:57 UTC (1595620077)
[    1.294813] BIOS EDD facility v0.16 2004-Jun-25, 0 devices found
[    1.295688] EDD information not available.
[    1.351723] Freeing unused kernel image memory: 2432K
[    1.364073] Write protecting the kernel read-only data: 20480k
[    1.387841] Freeing unused kernel image memory: 2008K
[    1.739346] Freeing unused kernel image memory: 1880K
[    1.747508] x86/mm: Checked W+X mappings: passed, no W+X pages found.
Loading, please wait...
starting version 237
[    1.853759] e1000: Intel(R) PRO/1000 Network Driver - version 7.3.21-k8-NAPI
[    1.884517] e1000: Copyright (c) 1999-2006 Intel Corporation.
[    1.916372] Fusion MPT base driver 3.04.20
[    1.945813] Copyright (c) 1999-2008 LSI Corporation
[    1.995888] AVX2 version of gcm_enc/dec engaged.
[    2.049908] AES CTR mode by8 optimization enabled
[    2.091552] Fusion MPT SPI Host driver 3.04.20
[    2.122220] input: ImExPS/2 Generic Explorer Mouse as /devices/platform/i8042/serio1/input/input4
[    2.381353] e1000 0000:00:03.0 eth0: (PCI:33MHz:32-bit) 02:39:67:45:9c:e6
[    2.738623] e1000 0000:00:03.0 eth0: Intel(R) PRO/1000 Network Connection
[    3.061672] e1000 0000:00:08.0 eth1: (PCI:33MHz:32-bit) 08:00:27:99:c3:62
[    3.080455] e1000 0000:00:08.0 eth1: Intel(R) PRO/1000 Network Connection
[    3.157839] mptbase: ioc0: Initiating bringup
[    3.206168] e1000 0000:00:08.0 enp0s8: renamed from eth1
[    3.304220] ioc0: LSI53C1030 A0: Capabilities={Initiator}
[    3.360589] e1000 0000:00:03.0 enp0s3: renamed from eth0
[    3.689578] scsi host2: ioc0: LSI53C1030 A0, FwRev=00000000h, Ports=1, MaxQ=256, IRQ=20
[    4.232744] scsi 2:0:0:0: Direct-Access     VBOX     HARDDISK         1.0  PQ: 0 ANSI: 5
[    4.276079] scsi target2:0:0: Beginning Domain Validation
[    4.280106] scsi target2:0:0: Domain Validation skipping write tests
[    4.314317] scsi target2:0:0: Ending Domain Validation
[    4.329585] scsi target2:0:0: asynchronous
[    4.330453] scsi 2:0:1:0: Direct-Access     VBOX     HARDDISK         1.0  PQ: 0 ANSI: 5
[    4.364078] scsi target2:0:1: Beginning Domain Validation
[    4.370953] random: fast init done
[    4.372337] scsi target2:0:1: Domain Validation skipping write tests
[    4.373719] scsi target2:0:1: Ending Domain Validation
[    4.374659] scsi target2:0:1: asynchronous
[    4.378315] random: systemd-udevd: uninitialized urandom read (16 bytes read)
[    4.423419] random: systemd-udevd: uninitialized urandom read (16 bytes read)
[    4.424341] sd 2:0:0:0: Attached scsi generic sg0 type 0
[    4.430152] random: systemd-udevd: uninitialized urandom read (16 bytes read)
[    4.437985] sd 2:0:1:0: [sdb] 20480 512-byte logical blocks: (10.5 MB/10.0 MiB)
[    4.445085] sd 2:0:1:0: Attached scsi generic sg1 type 0
[    4.453814] sd 2:0:0:0: [sda] 20971520 512-byte logical blocks: (10.7 GB/10.0 GiB)
[    4.523774] sd 2:0:1:0: [sdb] Write Protect is off
[    4.543069] sd 2:0:0:0: [sda] Write Protect is off
[    4.738705] sd 2:0:1:0: [sdb] Incomplete mode parameter data
[    4.738736] sd 2:0:0:0: [sda] Incomplete mode parameter data
[    4.744920] sd 2:0:1:0: [sdb] Assuming drive cache: write through
[    4.747377] sd 2:0:1:0: [sdb] Attached SCSI disk
[    4.765819] sd 2:0:0:0: [sda] Assuming drive cache: write through
[    4.797086]  sda: sda1
[    4.801806] sd 2:0:0:0: [sda] Attached SCSI disk
Begin: Loading essential drivers ... [    6.344047] raid6: sse2x1   gen()  6943 MB/s
[    6.400051] raid6: sse2x1   xor()  5353 MB/s
[    6.448078] raid6: sse2x2   gen() 11967 MB/s
[    6.512066] raid6: sse2x2   xor()  6554 MB/s
[    6.560053] raid6: sse2x4   gen() 13541 MB/s
[    6.616053] raid6: sse2x4   xor()  8058 MB/s
[    6.664047] raid6: avx2x1   gen() 14436 MB/s
[    6.732056] raid6: avx2x1   xor()  8936 MB/s
[    6.796062] raid6: avx2x2   gen() 18958 MB/s
[    6.852082] raid6: avx2x2   xor() 11340 MB/s
[    6.900054] raid6: avx2x4   gen() 19352 MB/s
[    6.972051] raid6: avx2x4   xor() 10580 MB/s
[    6.978021] raid6: using algorithm avx2x4 gen() 19352 MB/s
[    6.981363] raid6: .... xor() 10580 MB/s, rmw enabled
[    6.987663] raid6: using avx2x2 recovery algorithm
[    7.021463] xor: automatically using best checksumming function   avx       
[    7.033246] async_tx: api initialized (async)
done.
Begin: Running /scripts/init-premount ... done.
Begin: Mounting root file system ... Begin: Ru[    7.094782] Btrfs loaded, crc32c=crc32c-intel
nning /scripts/local-top ... done.
Begin: Running /scripts/local-premount ... Scanning for Btrfs filesystems
done.
Warning: fsck no[    7.136612] EXT4-fs (sda1): mounted filesystem with ordered data mode. Opts: (null)
t present, so skipping root file system
done.
Begin: Running /scripts/local-bottom ... done.
Begin: Running /scripts/init-bottom ... done.
[    7.294348] ip_tables: (C) 2000-2006 Netfilter Core Team
[    7.318628] systemd[1]: systemd 237 running in system mode. (+PAM +AUDIT +SELINUX +IMA +APPARMOR +SMACK +SYSVINIT +UTMP +LIBCRYPTSETUP +GCRYPT +GNUTLS +ACL +XZ +LZ4 +SECCOMP +BLKID +ELFUTILS +KMOD -IDN2 +IDN -PCRE2 default-hierarchy=hybrid)
[    7.339717] systemd[1]: Detected virtualization oracle.
[    7.346149] systemd[1]: Detected architecture x86-64.

Welcome to [1mUbuntu 18.04.4 LTS[0m!

[    7.353186] systemd[1]: Set hostname to <ubuntu>.
[    7.355750] systemd[1]: Initializing machine ID from random generator.
[    7.361229] systemd[1]: Installed transient /etc/machine-id file.
[    7.578121] systemd[1]: Reached target System Time Synchronized.
[[0;32m  OK  [0m] Reached target System Time Synchronized.
[    8.238001] systemd[1]: Created slice User and Session Slice.
[[0;32m  OK  [0m] Created slice User and Session Slice.
[    8.240692] systemd[1]: Reached target Swap.
[[0;32m  OK  [0m] Reached target Swap.
[    8.242563] systemd[1]: Reached target User and Group Name Lookups.
[[0;32m  OK  [0m] Reached target User and Group Name Lookups.
[[0;32m  OK  [0m] Created slice System Slice.
[[0;32m  OK  [0m] Listening on Device-mapper event daemon FIFOs.
[[0;32m  OK  [0m] Listening on LVM2 metadata daemon socket.
[[0;32m  OK  [0m] Listening on /dev/initctl Compatibility Named Pipe.
[[0;32m  OK  [0m] Listening on Journal Socket (/dev/log).
[[0;32m  OK  [0m] Reached target Slices.
[[0;32m  OK  [0m] Listening on Journal Socket.
         Starting Load Kernel Modules...
         Starting Set the console keyboard layout...
         Mounting Kernel Debug File System...
         [    8.311117] Loading iSCSI transport class v2.0-870.
Starting Uncomplicated firewall...
[[0;32m  OK  [0m] Created slice system-serial\x2dg[    8.343045] iscsi: registered transport (tcp)
etty.slice.
         Starting Create list of required st…ce nodes for the current kernel...
[[0;32m  OK  [0m] Listening on Network Service Netlink Socket.
[[0;32m  OK  [0[    8.366732] iscsi: registered transport (iser)
m] Listening on Journal Audit Socket.
         Mounting POSIX Message Queue File System...
         Mounting Huge Pages File System...
[[0;32m  OK  [0m] Listening on Syslog Socket.
[[0;32m  OK  [0m] Set up automount Arbitrary Executab…rmats File System Automount Point.
         Starting Monitoring of LVM2 mirrors…ng dmeventd or progress polling...
         Starting Journal Service...
[[0;32m  OK  [0m] Listening on udev Kernel Socket.
         Starting Remount Root and Kernel File Systems...[    8.572579] EXT4-fs (sda1): re-mounted. Opts: (null)

[[0;32m  OK  [0m] Listening on udev Control Socket.
         Starting udev Coldplug all Devices...
[[0;32m  OK  [0m] Started Forward Password Requests to Wall Directory Watch.
[[0;32m  OK  [0m] Listening on LVM2 poll daemon socket.
[[0;32m  OK  [0m] Started Journal Service.
[[0;32m  OK  [0m] Started Load Kernel Modules.
[[0;32m  OK  [0m] Started Set the console keyboard layout.
[[0;32m  OK  [0m] Mounted Kernel Debug File System.
[[0;32m  OK  [0m] Started Uncomplicated firewall.
[[0;32m  OK  [0m] Started Create list of required sta…vice nodes for the current kernel.
[[0;32m  OK  [0m] Mounted POSIX Message Queue File System.
[[0;32m  OK  [0m] Mounted Huge Pages File System.
[[0;32m  OK  [0m] Started Remount Root and Kernel File Systems.
[[0;32m  OK  [0m] Started LVM2 metadata daemon.
         Starting Load/Save Random Seed...
         Starting Create Static Device Nodes in /dev...
         Mounting Kernel Configuration File System...
         Starting Apply Kernel Variables...
         Mounting FUSE Control File System...
         Starting Flush Journal to Persistent Storage...
[[0;32m  OK  [0m] Started Monitoring of LVM2 mirrors,…sing dmeventd or progress polling.
[[0;32m  OK  [0m] Started udev Coldplug all Devices.
[[0;32m  OK  [0m] Started Load/Save Random Seed.
[[0;32m  OK  [0m] Started Create Static Device Nodes in /dev.
[[0;32m  OK  [0m] Mounted Kernel Configuration File System.
[[0;32m  OK  [0m] Started Apply Kernel Variables.
[[0;32m  OK  [0m] Mounted FUSE Control File System.
         Starting udev Kernel Device Manager...
[[0;32m  OK  [0m] Reached target Local File Systems (Pre).
[[0;32m  OK  [0m] Reached target Local File Systems.
         Starting Tell Plymouth To Write Out Runtime Data...
         Starting Commit a transient machine-id on disk...
         Starting Set console font and keymap...
         Starting AppArmor initialization...
         Starting ebtables ruleset management...
[[0;32m  OK  [0m] Started udev Kernel Device Manager.
[[0;32m  OK  [0m] Started Tell Plymouth To Write Out Runtime Data.
[[0;32m  OK  [0m] Started Commit a transient machine-id on disk.
[[0;32m  OK  [0m] Started Set console font and keymap.
[[0;32m  OK  [0m] Started ebtables ruleset management.
[[0;32m  OK  [0m] Started Flush Journal to Persistent Storage.
[[0;32m  OK  [0m] Found device /dev/ttyS0.
[[0;32m  OK  [0m] Listening on Load/Save RF Kill Switch Status /dev/rfkill Watch.
         Starting Create Volatile Files and Directories...
[[0;32m  OK  [0m] Started Dispatch Password Requests to Console Directory Watch.
[[0;32m  OK  [0m] Reached target Local Encrypted Volumes.
[[0;32m  OK  [0m] Started Create Volatile Files and Directories.
         Starting Update UTMP about System Boot/Shutdown...
[[0;32m  OK  [0m] Started Update UTMP about System Boot/Shutdown.
[[0;32m  OK  [0m] Started AppArmor initialization.
         Starting Initial cloud-init job (pre-networking)...
[   11.274100] cloud-init[557]: Cloud-init v. 19.4-33-gbb4131a2-0ubuntu1~18.04.1 running 'init-local' at Fri, 24 Jul 2020 19:48:07 +0000. Up 10.88 seconds.
[[0;32m  OK  [0m] Started Initial cloud-init job (pre-networking).
[[0;32m  OK  [0m] Reached target Network (Pre).
         Starting Network Service...
[[0;32m  OK  [0m] Started Network Service.
         Starting Network Name Resolution...
         Starting Wait for Network to be Configured...
[[0;32m  OK  [0m] Started Network Name Resolution.
[[0;32m  OK  [0m] Reached target Network.
[[0;32m  OK  [0m] Reached target Host and Network Name Lookups.
[[0;32m  OK  [0m] Started Wait for Network to be Configured.
         Starting Initial cloud-init job (metadata service crawler)...
[   13.116058] cloud-init[687]: Cloud-init v. 19.4-33-gbb4131a2-0ubuntu1~18.04.1 running 'init' at Fri, 24 Jul 2020 19:48:09 +0000. Up 12.93 seconds.
[   13.131592] cloud-init[687]: ci-info: ++++++++++++++++++++++++++++++++++++++Net device info+++++++++++++++++++++++++++++++++++++++
[   13.156287] cloud-init[687]: ci-info: +--------+-------+----------------------------+---------------+--------+-------------------+
[   13.182204] cloud-init[687]: ci-info: | Device |   Up  |          Address           |      Mask     | Scope  |     Hw-Address    |
[   13.206159] cloud-init[687]: ci-info: +--------+-------+----------------------------+---------------+--------+-------------------+
[   13.287854] cloud-init[687]: ci-info: | enp0s3 |  True |         10.0.2.15          | 255.255.255.0 | global | 02:39:67:45:9c:e6 |
[   13.305843] cloud-init[687]: ci-info: | enp0s3 |  True | fe80::39:67ff:fe45:9ce6/64 |       .       |  link  | 02:39:67:45:9c:e6 |
[   13.432656] cloud-init[687]: ci-info: | enp0s8 | False |             .              |       .       |   .    | 08:00:27:99:c3:62 |
[   13.496420] cloud-init[687]: ci-info: |   lo   |  True |         127.0.0.1          |   255.0.0.0   |  host  |         .         |
[   13.572343] cloud-init[687]: ci-info: |   lo   |  True |          ::1/128           |       .       |  host  |         .         |
[   13.676340] cloud-init[687]: ci-info: +--------+-------+----------------------------+---------------+--------+-------------------+
[   13.753270] cloud-init[687]: ci-info: ++++++++++++++++++++++++++++Route IPv4 info+++++++++++++++++++++++++++++
[   13.794755] cloud-init[687]: ci-info: +-------+-------------+----------+-----------------+-----------+-------+
[   13.831413] cloud-init[687]: ci-info: | Route | Destination | Gateway  |     Genmask     | Interface | Flags |
[   13.839558] cloud-init[687]: ci-info: +-------+-------------+----------+-----------------+-----------+-------+
[   13.876234] cloud-init[687]: ci-info: |   0   |   0.0.0.0   | 10.0.2.2 |     0.0.0.0     |   enp0s3  |   UG  |
[   13.924441] cloud-init[687]: ci-info: |   1   |   10.0.2.0  | 0.0.0.0  |  255.255.255.0  |   enp0s3  |   U   |
[[0;32m  OK  [0m] Started Initial cloud-init job (metadata service crawler).
[   13.995979] cloud-init[687]: [[0;32m  OK  [0m] Reached target System Initialization.
[[0;32m  OK  [0m] Listening on Open-iSCSI iscsid Socket.
[[0;32m  OK  [0m] Listening on UUID daemon activation socket.
[[0;32m  OK  [0m] Started Daily Cleanup of Temporary Directories.
ci-info: |   2   |   10.0.2.2  | 0.0.0.0  | 255.255.255.255 |   enp0s3  |   UH  |
[[0;32m  OK  [0m] Started Message of the Day.
[   14.037539] [[0;32m  OK  [0m] Listening on ACPID Listen Socket.
cloud-init[687]: ci-info: +-------+-------------+----------+-----------------+-----------+-------+
         Starting Socket activation for snappy daemon.
[   14.067812] cloud-init[687]: ci-info: +++++++++++++++++++Route IPv6 info+++++++++++++++++++
         Starting LXD - unix socket.
[   14.188547] cloud-init[687]: ci-info: +-------+-------------+---------+-----------+-------+
[[0;32m  OK  [0m] Started ACPI Events Check.
[   14.240384] cloud-init[687]: ci-info: | Route | Destination | Gateway | Interface | Flags |
[[0;32m  OK  [0m[   14.280801] cloud-init[687]: ci-info: +-------+-------------+---------+-----------+-------+
[   14.282074] cloud-init[687]: ci-info: |   1   |  fe80::/64  |    ::   |   enp0s3  |   U   |
] Reached target Paths.
[   14.282787] cloud-init[687]: ci-info: |   3   |    local    |    ::   |   enp0s3  |   U   |
[[0;32m  OK  [0m] Started Daily apt download activities.
[   14.318476] cloud-init[687]: ci-info: |   4   |   ff00::/8  |    ::   |   enp0s3  |   U   |
[   14.329101] cloud-init[687]: ci-info: +-------+-------------+---------+-----------+-------+
[   14.329678] cloud-init[687]: Generating public/private rsa key pair.
[   14.331907] cloud-init[687]: Your identification has been saved in /etc/ssh/ssh_host_rsa_key.
[   14.333058] cloud-init[687]: Your public key has been saved in /etc/ssh/ssh_host_rsa_key.pub.
[   14.333717] cloud-init[687]: The key fingerprint is:
[   14.334395] cloud-init[687]: SHA256:2Iu6x3whEnSVf/AaZWYR3MBurhhp8cQXCCA+kMA1h74 root@ubuntu-bionic
[   14.335011] cloud-init[687]: The key's randomart image is:
[   14.335817] cloud-init[687]: +---[RSA 2048]----+
[   14.336874] cloud-init[687]: |o.o+o..ooo ++=   |
[   14.337765] cloud-init[687]: | ..++.. . o O .  |
[   14.338230] cloud-init[687]: |  ..o.   o O .   |
[   14.338906] cloud-init[687]: |   ... o. = *    |
[   14.339553] cloud-init[687]: |    ... S= B     |
[   14.339633] cloud-init[687]: |   E. ..=.o .    |
[   14.339713] cloud-init[687]: |     +.o.+ .     |
[   14.339780] cloud-init[687]: |     .+ o .      |
[   14.339846] cloud-init[687]: |    oo .         |
[   14.339912] cloud-init[687]: +----[SHA256]-----+
[   14.339980] cloud-init[687]: Generating public/private dsa key pair.
[   14.340054] cloud-init[687]: Your identification has been saved in /etc/ssh/ssh_host_dsa_key.
[   14.340120] cloud-init[687]: Your public key has been saved in /etc/ssh/ssh_host_dsa_key.pub.
[   14.340185] cloud-init[687]: The key fingerprint is:
[   14.340252] cloud-init[687]: SHA256:ho0QT4C65YbEX/SOpBnN0SpzfMDtXlftLqXpTWo2lDo root@ubuntu-bionic
[   14.340338] cloud-init[687]: The key's randomart image is:
[   14.340400] cloud-init[687]: +---[DSA 1024]----+
[   14.340464] cloud-init[687]: |   .+.+       .  |
[   14.340536] cloud-init[687]: |  .  O o     . . |
[   14.340601] cloud-init[687]: |..  * B     . .  |
[   14.340660] cloud-init[687]: |.o.+ X B . .   o |
[   14.340725] cloud-init[687]: |.=. X B S .   *  |
[   14.340788] cloud-init[687]: |o o+ . +     * o |
[   14.340853] cloud-init[687]: | .          + =  |
[   14.340918] cloud-init[687]: |           E * . |
[   14.340983] cloud-init[687]: |            + .  |
[   14.341050] cloud-init[687]: +----[SHA256]-----+
[   14.341110] cloud-init[687]: Generating public/private ecdsa key pair.
[   14.341169] cloud-init[687]: Your identification has been saved in /etc/ssh/ssh_host_ecdsa_key.
[   14.341234] cloud-init[687]: Your public key has been saved in /etc/ssh/ssh_host_ecdsa_key.pub.
[   14.341300] cloud-init[687]: The key fingerprint is:
[   14.341398] cloud-init[687]: SHA256:V/RDJ97EyfjKsq5qOE7bD2AXKFJKB9GYq2vLHpveD8w root@ubuntu-bionic
[   14.341468] cloud-init[687]: The key's randomart image is:
[   14.341527] cloud-init[687]: +---[ECDSA 256]---+
[   14.341586] cloud-init[687]: | +*o        . =.+|
[   14.341655] cloud-init[687]: |.o+.  .    . = B.|
[   14.341717] cloud-init[687]: | o.. . .    . = .|
[   14.341783] cloud-init[687]: | .. .   .  .   o |
[   14.341848] cloud-init[687]: |.    o .S . . .  |
[   14.341912] cloud-init[687]: |. o . o  . . o   |
[   14.341977] cloud-init[687]: | o E ...    o    |
[   14.342037] cloud-init[687]: |o.= ooo..  .     |
[   14.342100] cloud-init[687]: |+B..o+ooooo.     |
[   14.342169] cloud-init[687]: +----[SHA256]-----+
[   14.342229] cloud-init[687]: Generating public/private ed25519 key pair.
[   14.342294] cloud-init[687]: Your identification has been saved in /etc/ssh/ssh_host_ed25519_key.
[   14.342357] cloud-init[687]: Your public key has been saved in /etc/ssh/ssh_host_ed25519_key.pub.
[   14.342445] cloud-init[687]: The key fingerprint is:
[   14.342673] cloud-init[687]: SHA256:gBd3KPQFb6dU+XSIOYAfzvk75AgQBSm0REpV7HfMsIA root@ubuntu-bionic
[   14.342743] cloud-init[687]: The key's randomart image is:
[   14.342803] cloud-init[687]: +--[ED25519 256]--+
[   14.342868] cloud-init[687]: |  .+===++++..+ . |
[   14.342932] cloud-init[687]: | . oEo*+++..= o .|
[   14.342999] cloud-init[687]: |  . ooo+.O+o.+ . |
[   14.343064] cloud-init[687]: |     .o.ooOo  .  |
[   14.343130] cloud-init[687]: |       oS...     |
[   14.343196] cloud-init[687]: |        .   o    |
[   14.343263] cloud-init[687]: |         . + .   |
[   14.343328] cloud-init[687]: |          . +    |
[   14.343388] cloud-init[687]: |             .   |
[   14.343451] cloud-init[687]: +----[SHA256]-----+
[[0;32m  OK  [0m] Started Daily apt upgrade and clean activities.
[[0;32m  OK  [0m] Listening on D-Bus System Message Bus Socket.
[[0;32m  OK  [0m] Started Discard unused blocks once a week.
[[0;32m  OK  [0m] Reached target Timers.
[[0;32m  OK  [0m] Reached target Network is Online.
[[0;32m  OK  [0m] Reached target Remote File Systems (Pre).
[[0;32m  OK  [0m] Reached target Remote File Systems.
         Starting Availability of block devices...
[[0;32m  OK  [0m] Reached target Cloud-config availability.
[[0;32m  OK  [0m] Listening on Socket activation for snappy daemon.
[[0;32m  OK  [0m] Listening on LXD - unix socket.
[[0;32m  OK  [0m] Started Availability of block devices.
[[0;32m  OK  [0m] Reached target Sockets.
[[0;32m  OK  [0m] Reached target Basic System.
         Starting Pollinate to seed the pseudo random number generator...
         Starting LXD - container startup/shutdown...
         Starting Dispatcher daemon for systemd-networkd...
         Starting Login Service...
         Starting Permit User Sessions...
[[0;32m  OK  [0m] Started irqbalance daemon.
         Starting LSB: automatic crash report generation...
         Starting Virtualbox guest utils...
         Starting LSB: Record successful boot for GRUB...
[[0;32m  OK  [0m] Started FUSE filesystem for LXC.
         Starting System Logging Service...
[[0;32m  OK  [0m] Started Regular background program processing daemon.
[[0;32m  OK  [0m] Started D-Bus System Message Bus.
[[0;32m  OK  [0m] Started Login Service.
         Starting Accounts Service...
[[0;32m  OK  [0m] Started Unattended Upgrades Shutdown.
[[0;32m  OK  [0m] Started Deferred execution scheduler.
         Starting Snappy daemon...
[[0;32m  OK  [0m] Started System Logging Service.
[[0;32m  OK  [0m] Started Dispatcher daemon for systemd-networkd.
[[0;32m  OK  [0m] Started LXD - container startup/shutdown.
[[0;32m  OK  [0m] Started Permit User Sessions.
         Starting Authorization Manager...
         Starting Hold until boot process finishes up...
         Starting Terminate Plymouth Boot Screen...
[[0;32m  OK  [0m] Started Hold until boot process finishes up.
[[0;32m  OK  [0m] Started LSB: automatic crash report generation.
[[0;32m  OK  [0m] Started LSB: Record successful boot for GRUB.
[[0;32m  OK  [0m] Started Terminate Plymouth Boot Screen.
[[0;32m  OK  [0m] Started Authorization Manager.
[[0;32m  OK  [0m] Started Accounts Service.
         Starting Set console scheme...
[[0;32m  OK  [0m] Started Serial Getty on ttyS0.
[[0;32m  OK  [0m] Started Virtualbox guest utils.
[[0;32m  OK  [0m] Started Set console scheme.
[[0;32m  OK  [0m] Created slice system-getty.slice.
[[0;32m  OK  [0m] Started Getty on tty1.
[[0;32m  OK  [0m] Reached target Login Prompts.
[[0;32m  OK  [0m] Started Snappy daemon.
         Starting Wait until snapd is fully seeded...
[[0;32m  OK  [0m] Started Pollinate to seed the pseudo random number generator.
         Starting OpenBSD Secure Shell server...
[[0;32m  OK  [0m] Started OpenBSD Secure Shell server.
[[0;32m  OK  [0m] Started Wait until snapd is fully seeded.
         Starting Apply the settings specified in cloud-config...
[[0;32m  OK  [0m] Reached target Multi-User System.
[[0;32m  OK  [0m] Reached target Graphical Interface.
         Starting Update UTMP about System Runlevel Changes...
[[0;32m  OK  [0m] Started Update UTMP about System Runlevel Changes.
[   18.804959] cloud-init[1236]: Cloud-init v. 19.4-33-gbb4131a2-0ubuntu1~18.04.1 running 'modules:config' at Fri, 24 Jul 2020 19:48:14 +0000. Up 18.28 seconds.
[[0;32m  OK  [0m] Started Apply the settings specified in cloud-config.
         Starting Execute cloud user/final scripts...
ci-info: no authorized SSH keys fingerprints found for user ubuntu.
<14>Jul 24 19:48:15 ec2: 
<14>Jul 24 19:48:15 ec2: #############################################################
<14>Jul 24 19:48:15 ec2: -----BEGIN SSH HOST KEY FINGERPRINTS-----
<14>Jul 24 19:48:15 ec2: 1024 SHA256:ho0QT4C65YbEX/SOpBnN0SpzfMDtXlftLqXpTWo2lDo root@ubuntu-bionic (DSA)
<14>Jul 24 19:48:15 ec2: 256 SHA256:V/RDJ97EyfjKsq5qOE7bD2AXKFJKB9GYq2vLHpveD8w root@ubuntu-bionic (ECDSA)
<14>Jul 24 19:48:15 ec2: 256 SHA256:gBd3KPQFb6dU+XSIOYAfzvk75AgQBSm0REpV7HfMsIA root@ubuntu-bionic (ED25519)
<14>Jul 24 19:48:15 ec2: 2048 SHA256:2Iu6x3whEnSVf/AaZWYR3MBurhhp8cQXCCA+kMA1h74 root@ubuntu-bionic (RSA)
<14>Jul 24 19:48:15 ec2: -----END SSH HOST KEY FINGERPRINTS-----
<14>Jul 24 19:48:15 ec2: #############################################################
-----BEGIN SSH HOST KEY KEYS-----
ecdsa-sha2-nistp256 AAAAE2VjZHNhLXNoYTItbmlzdHAyNTYAAAAIbmlzdHAyNTYAAABBBNPJjRDGGhosK9FsXbwU2tIJJpw9F8rlORy9Q96zoAM/1kfVJARob0WJewKjsoYQ3Nj1vcoUq7LMlYk4obsEfqU= root@ubuntu-bionic
ssh-ed25519 AAAAC3NzaC1lZDI1NTE5AAAAIELH2qRzolVKAq1OewGTaNu4Vis9p+G6m7/LGDh+yxV9 root@ubuntu-bionic
ssh-rsa AAAAB3NzaC1yc2EAAAADAQABAAABAQC1rPGmZEjdT1uZv1D2fNfe33pFUtzUFydxldqwDcCJ8iMiq5CltPtAtNweq6X2+TEIcMe6bH8Hv+/8Wm+uYKuDDUU8kaF5chwAb31oj01hVUJY2A4hzad5Nzf8TAuMZeZ6ivZkF8MNodIf0VrcNwby0G3eMxRKpzl/mIEq/n6QWMe65E22Tq28scX9PAGxk8RB3Lir+7zyJciHJvl3tU2txkSCUjh42Ttsk1LBlD2zRC5hnOxI/6V9zBhVcD/r5C9nqqCkmmIJlvqcSOiAsystEDJt9XMNYYnc1ZhNoJa254S6A7yUDDdJDyFA/5ONCNbnAL58uI+Umhy65wUaaqmp root@ubuntu-bionic
-----END SSH HOST KEY KEYS-----
[   19.528407] cloud-init[1302]: Cloud-init v. 19.4-33-gbb4131a2-0ubuntu1~18.04.1 running 'modules:final' at Fri, 24 Jul 2020 19:48:15 +0000. Up 19.34 seconds.
[[0;32m  OK  [0m] Started Execute cloud user/final scripts.
[[0;32m  OK  [0m] Reached target Cloud-init target.
[   19.647555] cloud-init[1302]: ci-info: no authorized SSH keys fingerprints found for user ubuntu.
[   19.803044] cloud-init[1302]: Cloud-init v. 19.4-33-gbb4131a2-0ubuntu1~18.04.1 finished at Fri, 24 Jul 2020 19:48:15 +0000. Datasource DataSourceNoCloud [seed=/dev/sdb][dsmode=net].  Up 19.52 seconds

Ubuntu 18.04.4 LTS ubuntu-bionic ttyS0

ubuntu-bionic login: 